<?xml version="1.0" encoding="UTF-8" ?>
<testsuite errors="0" failures="0" hostname="lx9-fuxi063" name="MaksukorttiTest" skipped="0" tests="10" time="0.087" timestamp="2019-11-08T19:50:46">
  <properties>
[...]
</properties>
  <testcase classname="MaksukorttiTest" name="konstruktoriAsettaaSaldonOikein" time="0.002" />
  <testcase classname="MaksukorttiTest" name="syoMaukkaastiEiVieSaldoaNegatiiviseksi" time="0.0" />
  <testcase classname="MaksukorttiTest" name="syoMaukkaastiPystyyOstamaanKunVainSenVerranRahaa" time="0.0" />
  <testcase classname="MaksukorttiTest" name="syoEdullisestiEiVieSaldoaNegatiiviseksi" time="0.001" />
  <testcase classname="MaksukorttiTest" name="kortinSaldoEiYlitaMaksimiarvoa" time="0.0" />
  <testcase classname="MaksukorttiTest" name="kortilleEiVoiLadataNegatiivistaRahaa" time="0.0" />
  <testcase classname="MaksukorttiTest" name="syoEdullisestiVahentaaSaldoaOikein" time="0.0" />
  <testcase classname="MaksukorttiTest" name="syoMaukkaastiVahentaaSaldoaOikein" time="0.0" />
  <testcase classname="MaksukorttiTest" name="syoEdullisestiPystyyOstamaanKunVainSenVerranRahaa" time="0.0" />
  <testcase classname="MaksukorttiTest" name="kortilleVoiLadataRahaa" time="0.0" />
  <system-out><![CDATA[]]></system-out>
  <system-err><![CDATA[]]></system-err>
</testsuite>
